[1007/060524.105:ERROR:crash_report_database_win.cc(428)] unexpected header
[1007/151248.286:ERROR:crash_report_database_win.cc(428)] unexpected header
[1008/051908.322:ERROR:crash_report_database_win.cc(428)] unexpected header
[1008/114645.281:ERROR:crash_report_database_win.cc(428)] unexpected header
[1008/123234.987:ERROR:crash_report_database_win.cc(428)] unexpected header
[1008/135218.960:ERROR:crash_report_database_win.cc(428)] unexpected header
[1008/140218.966:ERROR:crash_report_database_win.cc(428)] unexpected header
[1008/140218.966:ERROR:crash_report_database_win.cc(428)] unexpected header
[1008/140718.963:ERROR:crash_report_database_win.cc(428)] unexpected header
[1008/142218.979:ERROR:crash_report_database_win.cc(428)] unexpected header
[1008/143718.990:ERROR:crash_report_database_win.cc(428)] unexpected header
[1008/145218.992:ERROR:crash_report_database_win.cc(428)] unexpected header
[1008/150718.993:ERROR:crash_report_database_win.cc(428)] unexpected header
[1008/152218.993:ERROR:crash_report_database_win.cc(428)] unexpected header
[1008/153718.994:ERROR:crash_report_database_win.cc(428)] unexpected header
[1008/155218.994:ERROR:crash_report_database_win.cc(428)] unexpected header
[1008/160718.995:ERROR:crash_report_database_win.cc(428)] unexpected header
[1008/162218.995:ERROR:crash_report_database_win.cc(428)] unexpected header
[1008/163718.996:ERROR:crash_report_database_win.cc(428)] unexpected header
[1008/165218.997:ERROR:crash_report_database_win.cc(428)] unexpected header
[1008/170718.997:ERROR:crash_report_database_win.cc(428)] unexpected header
[1008/172218.997:ERROR:crash_report_database_win.cc(428)] unexpected header
[1008/173718.997:ERROR:crash_report_database_win.cc(428)] unexpected header
[1008/175218.998:ERROR:crash_report_database_win.cc(428)] unexpected header
[1008/180718.998:ERROR:crash_report_database_win.cc(428)] unexpected header
[1008/182218.999:ERROR:crash_report_database_win.cc(428)] unexpected header
[1008/183718.999:ERROR:crash_report_database_win.cc(428)] unexpected header
[1008/185219.000:ERROR:crash_report_database_win.cc(428)] unexpected header
[1008/190719.000:ERROR:crash_report_database_win.cc(428)] unexpected header
[1008/192219.000:ERROR:crash_report_database_win.cc(428)] unexpected header
[1008/193719.001:ERROR:crash_report_database_win.cc(428)] unexpected header
[1008/195219.001:ERROR:crash_report_database_win.cc(428)] unexpected header
[1008/200719.001:ERROR:crash_report_database_win.cc(428)] unexpected header
[1008/202219.002:ERROR:crash_report_database_win.cc(428)] unexpected header
[1008/203719.002:ERROR:crash_report_database_win.cc(428)] unexpected header
[1008/205219.002:ERROR:crash_report_database_win.cc(428)] unexpected header
[1008/210719.003:ERROR:crash_report_database_win.cc(428)] unexpected header
[1008/212219.003:ERROR:crash_report_database_win.cc(428)] unexpected header
[1008/213719.004:ERROR:crash_report_database_win.cc(428)] unexpected header
[1008/215219.004:ERROR:crash_report_database_win.cc(428)] unexpected header
[1008/220719.005:ERROR:crash_report_database_win.cc(428)] unexpected header
[1008/222219.005:ERROR:crash_report_database_win.cc(428)] unexpected header
[1009/141215.257:ERROR:crash_report_database_win.cc(428)] unexpected header
[1010/121042.936:ERROR:crash_report_database_win.cc(428)] unexpected header
[1011/125404.356:ERROR:crash_report_database_win.cc(428)] unexpected header
[1011/135144.732:ERROR:crash_report_database_win.cc(428)] unexpected header
[1011/143330.858:ERROR:crash_report_database_win.cc(428)] unexpected header
[1012/000207.451:ERROR:crash_report_database_win.cc(428)] unexpected header
[1013/020047.386:ERROR:crash_report_database_win.cc(428)] unexpected header
[1014/063550.999:ERROR:crash_report_database_win.cc(457)] unexpected header
[1014/064551.049:ERROR:crash_report_database_win.cc(457)] unexpected header
[1014/064551.065:ERROR:filesystem_win.cc(129)] GetFileAttributes C:\Users\Bulgak\AppData\Local\Google\Chrome\User Data\Crashpad\attachments\018f9d1f-cb3c-4285-b3c3-80a527349812: The system cannot find the path specified. (0x3)
[1014/064551.065:ERROR:filesystem_win.cc(129)] GetFileAttributes C:\Users\Bulgak\AppData\Local\Google\Chrome\User Data\Crashpad\attachments\01fd8cca-1c4a-409c-92b1-b54f64958981: The system cannot find the path specified. (0x3)
[1014/064551.096:ERROR:filesystem_win.cc(129)] GetFileAttributes C:\Users\Bulgak\AppData\Local\Google\Chrome\User Data\Crashpad\attachments\023f8590-eae9-4ba2-82e4-85733219ad47: The system cannot find the path specified. (0x3)
[1014/064551.096:ERROR:filesystem_win.cc(129)] GetFileAttributes C:\Users\Bulgak\AppData\Local\Google\Chrome\User Data\Crashpad\attachments\051dbd2a-aa89-4c0f-a315-5e2f8b27302c: The system cannot find the path specified. (0x3)
[1014/064551.112:ERROR:filesystem_win.cc(129)] GetFileAttributes C:\Users\Bulgak\AppData\Local\Google\Chrome\User Data\Crashpad\attachments\06c22974-dc71-4e19-9325-cf360dbafe77: The system cannot find the path specified. (0x3)
[1014/064551.127:ERROR:filesystem_win.cc(129)] GetFileAttributes C:\Users\Bulgak\AppData\Local\Google\Chrome\User Data\Crashpad\attachments\07589800-74a1-497c-8d63-a21923e12b80: The system cannot find the path specified. (0x3)
[1014/064551.127:ERROR:filesystem_win.cc(129)] GetFileAttributes C:\Users\Bulgak\AppData\Local\Google\Chrome\User Data\Crashpad\attachments\075d2efb-f738-41aa-aac8-a45481b89668: The system cannot find the path specified. (0x3)
[1014/064551.152:ERROR:filesystem_win.cc(129)] GetFileAttributes C:\Users\Bulgak\AppData\Local\Google\Chrome\User Data\Crashpad\attachments\0865c871-8464-4b5e-996a-bd5fb6072bd4: The system cannot find the path specified. (0x3)
[1014/064551.152:ERROR:filesystem_win.cc(129)] GetFileAttributes C:\Users\Bulgak\AppData\Local\Google\Chrome\User Data\Crashpad\attachments\08b24214-034d-44d2-9f07-ea3cd2a6eb36: The system cannot find the path specified. (0x3)
[1014/064551.168:ERROR:filesystem_win.cc(129)] GetFileAttributes C:\Users\Bulgak\AppData\Local\Google\Chrome\User Data\Crashpad\attachments\0cbbb97a-5ad1-4fbc-ac07-6e5fc810cc91: The system cannot find the path specified. (0x3)
[1014/064551.184:ERROR:filesystem_win.cc(129)] GetFileAttributes C:\Users\Bulgak\AppData\Local\Google\Chrome\User Data\Crashpad\attachments\0cd5dd28-e3c1-47a1-adb4-c2bff269cc31: The system cannot find the path specified. (0x3)
[1014/064551.184:ERROR:filesystem_win.cc(129)] GetFileAttributes C:\Users\Bulgak\AppData\Local\Google\Chrome\User Data\Crashpad\attachments\0d983547-4445-4cdf-b263-75a4261c5cb7: The system cannot find the path specified. (0x3)
[1014/064551.199:ERROR:filesystem_win.cc(129)] GetFileAttributes C:\Users\Bulgak\AppData\Local\Google\Chrome\User Data\Crashpad\attachments\0e195ebf-1f08-4bd5-bb78-2d9504a392fa: The system cannot find the path specified. (0x3)
[1014/064551.199:ERROR:filesystem_win.cc(129)] GetFileAttributes C:\Users\Bulgak\AppData\Local\Google\Chrome\User Data\Crashpad\attachments\105dc280-6c39-48d1-869d-58c500079f3f: The system cannot find the path specified. (0x3)
[1014/064551.215:ERROR:filesystem_win.cc(129)] GetFileAttributes C:\Users\Bulgak\AppData\Local\Google\Chrome\User Data\Crashpad\attachments\12d16d17-fc01-4268-a371-2e838b603c52: The system cannot find the path specified. (0x3)
[1014/064551.215:ERROR:filesystem_win.cc(129)] GetFileAttributes C:\Users\Bulgak\AppData\Local\Google\Chrome\User Data\Crashpad\attachments\1323b699-c39e-46cd-b5f4-42c0b9b480e5: The system cannot find the path specified. (0x3)
[1014/064551.230:ERROR:filesystem_win.cc(129)] GetFileAttributes C:\Users\Bulgak\AppData\Local\Google\Chrome\User Data\Crashpad\attachments\13a37c59-ac83-42e5-9265-8a4c42318548: The system cannot find the path specified. (0x3)
[1014/064551.246:ERROR:filesystem_win.cc(129)] GetFileAttributes C:\Users\Bulgak\AppData\Local\Google\Chrome\User Data\Crashpad\attachments\152ef614-56e5-4c96-9288-1eda6a07f33f: The system cannot find the path specified. (0x3)
[1014/064551.266:ERROR:filesystem_win.cc(129)] GetFileAttributes C:\Users\Bulgak\AppData\Local\Google\Chrome\User Data\Crashpad\attachments\15366e88-2ff3-4e31-80d9-572b5c45765c: The system cannot find the path specified. (0x3)
[1014/064551.286:ERROR:filesystem_win.cc(129)] GetFileAttributes C:\Users\Bulgak\AppData\Local\Google\Chrome\User Data\Crashpad\attachments\171fa37b-eab0-4265-ad44-5d00d3a291d9: The system cannot find the path specified. (0x3)
[1014/064551.293:ERROR:filesystem_win.cc(129)] GetFileAttributes C:\Users\Bulgak\AppData\Local\Google\Chrome\User Data\Crashpad\attachments\1d9aab3f-cf99-4d15-87ba-790367f83eb7: The system cannot find the path specified. (0x3)
[1014/064551.293:ERROR:filesystem_win.cc(129)] GetFileAttributes C:\Users\Bulgak\AppData\Local\Google\Chrome\User Data\Crashpad\attachments\1f3c768b-d39f-443f-b957-49d57c0a9b16: The system cannot find the path specified. (0x3)
[1014/064551.309:ERROR:filesystem_win.cc(129)] GetFileAttributes C:\Users\Bulgak\AppData\Local\Google\Chrome\User Data\Crashpad\attachments\1fb63630-7071-4d22-96ae-356cd43b0959: The system cannot find the path specified. (0x3)
[1014/064551.340:ERROR:filesystem_win.cc(129)] GetFileAttributes C:\Users\Bulgak\AppData\Local\Google\Chrome\User Data\Crashpad\attachments\2050e214-b638-4536-8890-d99f18271ea3: The system cannot find the path specified. (0x3)
[1014/064551.356:ERROR:filesystem_win.cc(129)] GetFileAttributes C:\Users\Bulgak\AppData\Local\Google\Chrome\User Data\Crashpad\attachments\205de2ea-0491-46e9-9b9a-4d5c3cddc44d: The system cannot find the path specified. (0x3)
[1014/064551.356:ERROR:filesystem_win.cc(129)] GetFileAttributes C:\Users\Bulgak\AppData\Local\Google\Chrome\User Data\Crashpad\attachments\21f5a6c0-211e-4247-81ad-b547c5d01ee9: The system cannot find the path specified. (0x3)
[1014/064551.376:ERROR:filesystem_win.cc(129)] GetFileAttributes C:\Users\Bulgak\AppData\Local\Google\Chrome\User Data\Crashpad\attachments\243e7ccd-277f-425d-978e-d886dc39995e: The system cannot find the path specified. (0x3)
[1014/064551.376:ERROR:filesystem_win.cc(129)] GetFileAttributes C:\Users\Bulgak\AppData\Local\Google\Chrome\User Data\Crashpad\attachments\25993ed7-1086-4306-964c-7250078a08d9: The system cannot find the path specified. (0x3)
[1014/064551.386:ERROR:filesystem_win.cc(129)] GetFileAttributes C:\Users\Bulgak\AppData\Local\Google\Chrome\User Data\Crashpad\attachments\27ff88c8-e6e2-447b-99b2-6827b6ed7ba9: The system cannot find the path specified. (0x3)
[1014/064551.402:ERROR:filesystem_win.cc(129)] GetFileAttributes C:\Users\Bulgak\AppData\Local\Google\Chrome\User Data\Crashpad\attachments\28b6f79e-2979-439d-a119-6df59e8c8c1c: The system cannot find the path specified. (0x3)
[1014/064551.418:ERROR:filesystem_win.cc(129)] GetFileAttributes C:\Users\Bulgak\AppData\Local\Google\Chrome\User Data\Crashpad\attachments\28e1a314-ee29-44f0-96a2-1d9113bf4272: The system cannot find the path specified. (0x3)
[1014/064551.418:ERROR:filesystem_win.cc(129)] GetFileAttributes C:\Users\Bulgak\AppData\Local\Google\Chrome\User Data\Crashpad\attachments\2bedc492-d5a8-4107-af3a-2b9a826d9a7f: The system cannot find the path specified. (0x3)
[1014/064551.434:ERROR:filesystem_win.cc(129)] GetFileAttributes C:\Users\Bulgak\AppData\Local\Google\Chrome\User Data\Crashpad\attachments\2f94ed21-c0d6-4fa6-98ef-66da9e4fbccf: The system cannot find the path specified. (0x3)
[1014/064551.450:ERROR:filesystem_win.cc(129)] GetFileAttributes C:\Users\Bulgak\AppData\Local\Google\Chrome\User Data\Crashpad\attachments\3399b93f-07f4-4f5a-b3a0-04581f0a830c: The system cannot find the path specified. (0x3)
[1014/064551.450:ERROR:filesystem_win.cc(129)] GetFileAttributes C:\Users\Bulgak\AppData\Local\Google\Chrome\User Data\Crashpad\attachments\33a12b44-75ac-4723-8f06-80408c7f9d60: The system cannot find the path specified. (0x3)
[1014/064551.466:ERROR:filesystem_win.cc(129)] GetFileAttributes C:\Users\Bulgak\AppData\Local\Google\Chrome\User Data\Crashpad\attachments\34ed467a-a598-4564-9392-6b9522520256: The system cannot find the path specified. (0x3)
[1014/064551.466:ERROR:filesystem_win.cc(129)] GetFileAttributes C:\Users\Bulgak\AppData\Local\Google\Chrome\User Data\Crashpad\attachments\376933d4-1907-46fa-90d4-58d558871c7d: The system cannot find the path specified. (0x3)
[1014/064551.481:ERROR:filesystem_win.cc(129)] GetFileAttributes C:\Users\Bulgak\AppData\Local\Google\Chrome\User Data\Crashpad\attachments\38197b07-a74f-482e-9e74-6206cd6c4f39: The system cannot find the path specified. (0x3)
[1014/064551.481:ERROR:filesystem_win.cc(129)] GetFileAttributes C:\Users\Bulgak\AppData\Local\Google\Chrome\User Data\Crashpad\attachments\3934f374-600a-49bf-8954-5749632b1617: The system cannot find the path specified. (0x3)
[1014/064551.497:ERROR:filesystem_win.cc(129)] GetFileAttributes C:\Users\Bulgak\AppData\Local\Google\Chrome\User Data\Crashpad\attachments\3bcfd614-730d-4e16-a648-fe31d4155fba: The system cannot find the path specified. (0x3)
[1014/064551.497:ERROR:filesystem_win.cc(129)] GetFileAttributes C:\Users\Bulgak\AppData\Local\Google\Chrome\User Data\Crashpad\attachments\3cdb3b6c-7476-4805-b7a5-5bbd4a405b00: The system cannot find the path specified. (0x3)
[1014/064551.497:ERROR:filesystem_win.cc(129)] GetFileAttributes C:\Users\Bulgak\AppData\Local\Google\Chrome\User Data\Crashpad\attachments\3faa9630-571b-4303-8187-dfb7f9a4f98f: The system cannot find the path specified. (0x3)
[1014/064551.512:ERROR:filesystem_win.cc(129)] GetFileAttributes C:\Users\Bulgak\AppData\Local\Google\Chrome\User Data\Crashpad\attachments\3fbe4e62-f715-4c0f-b0ac-e4693432e6c5: The system cannot find the path specified. (0x3)
[1014/064551.528:ERROR:filesystem_win.cc(129)] GetFileAttributes C:\Users\Bulgak\AppData\Local\Google\Chrome\User Data\Crashpad\attachments\40870d1d-94e6-4c22-868c-9ed00104317f: The system cannot find the path specified. (0x3)
[1014/064551.528:ERROR:filesystem_win.cc(129)] GetFileAttributes C:\Users\Bulgak\AppData\Local\Google\Chrome\User Data\Crashpad\attachments\41bbeb2b-c494-47b5-b23d-b1ffe9079d9a: The system cannot find the path specified. (0x3)
[1014/064551.528:ERROR:filesystem_win.cc(129)] GetFileAttributes C:\Users\Bulgak\AppData\Local\Google\Chrome\User Data\Crashpad\attachments\41c442ab-fde4-4c7f-99b4-21c4a9247fed: The system cannot find the path specified. (0x3)
[1014/064551.528:ERROR:filesystem_win.cc(129)] GetFileAttributes C:\Users\Bulgak\AppData\Local\Google\Chrome\User Data\Crashpad\attachments\4258a3d0-d065-4579-b960-5852273742aa: The system cannot find the path specified. (0x3)
[1014/064551.544:ERROR:filesystem_win.cc(129)] GetFileAttributes C:\Users\Bulgak\AppData\Local\Google\Chrome\User Data\Crashpad\attachments\467f1bf7-5b55-4093-a192-57b740fedb42: The system cannot find the path specified. (0x3)
[1014/064551.544:ERROR:filesystem_win.cc(129)] GetFileAttributes C:\Users\Bulgak\AppData\Local\Google\Chrome\User Data\Crashpad\attachments\46d0d341-91eb-4ff0-b75b-dd5ffcaf218c: The system cannot find the path specified. (0x3)
[1014/064551.580:ERROR:filesystem_win.cc(129)] GetFileAttributes C:\Users\Bulgak\AppData\Local\Google\Chrome\User Data\Crashpad\attachments\48bf96cb-63a5-4463-b9f9-6d17fde3fa93: The system cannot find the path specified. (0x3)
[1014/064551.580:ERROR:filesystem_win.cc(129)] GetFileAttributes C:\Users\Bulgak\AppData\Local\Google\Chrome\User Data\Crashpad\attachments\49e1a2ea-7080-4417-93b3-129fd8dc0678: The system cannot find the path specified. (0x3)
[1014/064551.581:ERROR:filesystem_win.cc(129)] GetFileAttributes C:\Users\Bulgak\AppData\Local\Google\Chrome\User Data\Crashpad\attachments\4a4c541d-86e8-41d9-8017-71a8616acc11: The system cannot find the path specified. (0x3)
[1014/064551.597:ERROR:filesystem_win.cc(129)] GetFileAttributes C:\Users\Bulgak\AppData\Local\Google\Chrome\User Data\Crashpad\attachments\4a99683d-86e1-40dc-9748-4bc0539f2aa7: The system cannot find the path specified. (0x3)
[1014/064551.597:ERROR:filesystem_win.cc(129)] GetFileAttributes C:\Users\Bulgak\AppData\Local\Google\Chrome\User Data\Crashpad\attachments\4b71c078-8aba-44c9-8c36-157ada711803: The system cannot find the path specified. (0x3)
[1014/064551.612:ERROR:filesystem_win.cc(129)] GetFileAttributes C:\Users\Bulgak\AppData\Local\Google\Chrome\User Data\Crashpad\attachments\4c0fc2fd-3153-44c1-99f1-d9f6d8e0f47e: The system cannot find the path specified. (0x3)
[1014/064551.628:ERROR:filesystem_win.cc(129)] GetFileAttributes C:\Users\Bulgak\AppData\Local\Google\Chrome\User Data\Crashpad\attachments\4e85656f-2faf-4a6d-a10f-cbb71e63d44b: The system cannot find the path specified. (0x3)
[1014/064551.647:ERROR:filesystem_win.cc(129)] GetFileAttributes C:\Users\Bulgak\AppData\Local\Google\Chrome\User Data\Crashpad\attachments\4ff7184f-8735-4ff6-8bd2-62632db22563: The system cannot find the path specified. (0x3)
[1014/064551.648:ERROR:filesystem_win.cc(129)] GetFileAttributes C:\Users\Bulgak\AppData\Local\Google\Chrome\User Data\Crashpad\attachments\51036090-3df1-4348-b58e-60b0588c8892: The system cannot find the path specified. (0x3)
[1014/064551.648:ERROR:filesystem_win.cc(129)] GetFileAttributes C:\Users\Bulgak\AppData\Local\Google\Chrome\User Data\Crashpad\attachments\5367a5f3-2e46-4833-b52d-4099fee6ac0e: The system cannot find the path specified. (0x3)
[1014/064551.648:ERROR:filesystem_win.cc(129)] GetFileAttributes C:\Users\Bulgak\AppData\Local\Google\Chrome\User Data\Crashpad\attachments\55058076-81f1-4850-ace7-7244dff63b6e: The system cannot find the path specified. (0x3)
[1014/064551.648:ERROR:filesystem_win.cc(129)] GetFileAttributes C:\Users\Bulgak\AppData\Local\Google\Chrome\User Data\Crashpad\attachments\55960b27-f397-4c7a-a332-27218e4a1edd: The system cannot find the path specified. (0x3)
[1014/064551.648:ERROR:filesystem_win.cc(129)] GetFileAttributes C:\Users\Bulgak\AppData\Local\Google\Chrome\User Data\Crashpad\attachments\55a2b477-812e-4a39-9967-89b333b2caa8: The system cannot find the path specified. (0x3)
[1014/064551.648:ERROR:filesystem_win.cc(129)] GetFileAttributes C:\Users\Bulgak\AppData\Local\Google\Chrome\User Data\Crashpad\attachments\57612ba6-b5b1-4dfe-a8e7-995a9c02bba4: The system cannot find the path specified. (0x3)
[1014/064551.664:ERROR:filesystem_win.cc(129)] GetFileAttributes C:\Users\Bulgak\AppData\Local\Google\Chrome\User Data\Crashpad\attachments\59eab857-3c5f-429b-9d56-a0a873f04da3: The system cannot find the path specified. (0x3)
[1014/064551.680:ERROR:filesystem_win.cc(129)] GetFileAttributes C:\Users\Bulgak\AppData\Local\Google\Chrome\User Data\Crashpad\attachments\5b7096a1-5fb7-45c3-8b79-9a7e3d244cac: The system cannot find the path specified. (0x3)
[1014/064551.695:ERROR:filesystem_win.cc(129)] GetFileAttributes C:\Users\Bulgak\AppData\Local\Google\Chrome\User Data\Crashpad\attachments\5bacf274-82dc-47c6-bc89-3e95326a1748: The system cannot find the path specified. (0x3)
[1014/064551.695:ERROR:filesystem_win.cc(129)] GetFileAttributes C:\Users\Bulgak\AppData\Local\Google\Chrome\User Data\Crashpad\attachments\5d821aca-92ee-41aa-b1e3-4fcd0b1c0744: The system cannot find the path specified. (0x3)
[1014/064551.695:ERROR:filesystem_win.cc(129)] GetFileAttributes C:\Users\Bulgak\AppData\Local\Google\Chrome\User Data\Crashpad\attachments\5e5c4152-dc18-46cc-99ae-d3114111eff9: The system cannot find the path specified. (0x3)
[1014/064551.727:ERROR:filesystem_win.cc(129)] GetFileAttributes C:\Users\Bulgak\AppData\Local\Google\Chrome\User Data\Crashpad\attachments\60a9c967-4d9f-4bf5-90d7-e545fd64ff42: The system cannot find the path specified. (0x3)
[1014/064551.727:ERROR:filesystem_win.cc(129)] GetFileAttributes C:\Users\Bulgak\AppData\Local\Google\Chrome\User Data\Crashpad\attachments\634b0449-7c7f-4c20-b919-3b8822e65ee0: The system cannot find the path specified. (0x3)
[1014/064551.727:ERROR:filesystem_win.cc(129)] GetFileAttributes C:\Users\Bulgak\AppData\Local\Google\Chrome\User Data\Crashpad\attachments\65c29149-1219-4f55-a9b8-7a57d389f603: The system cannot find the path specified. (0x3)
[1014/064551.727:ERROR:filesystem_win.cc(129)] GetFileAttributes C:\Users\Bulgak\AppData\Local\Google\Chrome\User Data\Crashpad\attachments\67cd7a99-d59f-4924-8b3e-82ce2b1da744: The system cannot find the path specified. (0x3)
[1014/064551.742:ERROR:filesystem_win.cc(129)] GetFileAttributes C:\Users\Bulgak\AppData\Local\Google\Chrome\User Data\Crashpad\attachments\68e4274f-63b6-4eab-917e-7a7cb4422054: The system cannot find the path specified. (0x3)
[1014/064551.742:ERROR:filesystem_win.cc(129)] GetFileAttributes C:\Users\Bulgak\AppData\Local\Google\Chrome\User Data\Crashpad\attachments\6994ffff-8bdc-42a7-84f3-6e698ef5b920: The system cannot find the path specified. (0x3)
[1014/064551.758:ERROR:filesystem_win.cc(129)] GetFileAttributes C:\Users\Bulgak\AppData\Local\Google\Chrome\User Data\Crashpad\attachments\6b5d2795-11d7-4a4d-81a6-cd127bf51be2: The system cannot find the path specified. (0x3)
[1014/064551.773:ERROR:filesystem_win.cc(129)] GetFileAttributes C:\Users\Bulgak\AppData\Local\Google\Chrome\User Data\Crashpad\attachments\6cb194d7-d731-43ab-9ab9-a10d15c219db: The system cannot find the path specified. (0x3)
[1014/064551.789:ERROR:filesystem_win.cc(129)] GetFileAttributes C:\Users\Bulgak\AppData\Local\Google\Chrome\User Data\Crashpad\attachments\6e26fc1b-565c-45cc-8503-10f65172a332: The system cannot find the path specified. (0x3)
[1014/064551.805:ERROR:filesystem_win.cc(129)] GetFileAttributes C:\Users\Bulgak\AppData\Local\Google\Chrome\User Data\Crashpad\attachments\7052c0a9-1f1c-43c1-9b7b-2b5c67f21d22: The system cannot find the path specified. (0x3)
[1014/064551.805:ERROR:filesystem_win.cc(129)] GetFileAttributes C:\Users\Bulgak\AppData\Local\Google\Chrome\User Data\Crashpad\attachments\71265508-49e0-4fbb-9b66-c15ea2f5014e: The system cannot find the path specified. (0x3)
[1014/064551.805:ERROR:filesystem_win.cc(129)] GetFileAttributes C:\Users\Bulgak\AppData\Local\Google\Chrome\User Data\Crashpad\attachments\72afa760-dbef-477a-bf51-c375398f0cd1: The system cannot find the path specified. (0x3)
[1014/064551.805:ERROR:filesystem_win.cc(129)] GetFileAttributes C:\Users\Bulgak\AppData\Local\Google\Chrome\User Data\Crashpad\attachments\72f71c48-8f86-4a2c-b4aa-a3b7e49aa452: The system cannot find the path specified. (0x3)
[1014/064551.820:ERROR:filesystem_win.cc(129)] GetFileAttributes C:\Users\Bulgak\AppData\Local\Google\Chrome\User Data\Crashpad\attachments\737689cc-9215-4b70-bb60-aa5ba68dafda: The system cannot find the path specified. (0x3)
[1014/064551.820:ERROR:filesystem_win.cc(129)] GetFileAttributes C:\Users\Bulgak\AppData\Local\Google\Chrome\User Data\Crashpad\attachments\7677c5eb-7240-4633-9770-c120ecd7e65f: The system cannot find the path specified. (0x3)
[1014/064551.852:ERROR:filesystem_win.cc(129)] GetFileAttributes C:\Users\Bulgak\AppData\Local\Google\Chrome\User Data\Crashpad\attachments\79840204-475c-4739-8e56-7c1c75966ee2: The system cannot find the path specified. (0x3)
[1014/064551.875:ERROR:filesystem_win.cc(129)] GetFileAttributes C:\Users\Bulgak\AppData\Local\Google\Chrome\User Data\Crashpad\attachments\7991ad87-ed84-46d9-8485-9f01a4f6561e: The system cannot find the path specified. (0x3)
[1014/064551.875:ERROR:filesystem_win.cc(129)] GetFileAttributes C:\Users\Bulgak\AppData\Local\Google\Chrome\User Data\Crashpad\attachments\7a4485c6-a153-42e2-b9c2-2c2f2a65ee12: The system cannot find the path specified. (0x3)
[1014/064551.891:ERROR:filesystem_win.cc(129)] GetFileAttributes C:\Users\Bulgak\AppData\Local\Google\Chrome\User Data\Crashpad\attachments\7afbbe33-1ad6-4fe0-a7cf-18beea07ff36: The system cannot find the path specified. (0x3)
[1014/064551.891:ERROR:filesystem_win.cc(129)] GetFileAttributes C:\Users\Bulgak\AppData\Local\Google\Chrome\User Data\Crashpad\attachments\7c47b99d-f92f-49d0-961a-b035a7dabeef: The system cannot find the path specified. (0x3)
[1014/064551.922:ERROR:filesystem_win.cc(129)] GetFileAttributes C:\Users\Bulgak\AppData\Local\Google\Chrome\User Data\Crashpad\attachments\7ddcb815-5393-4de9-a8f6-c13f672f8b6a: The system cannot find the path specified. (0x3)
[1014/064551.922:ERROR:filesystem_win.cc(129)] GetFileAttributes C:\Users\Bulgak\AppData\Local\Google\Chrome\User Data\Crashpad\attachments\7f7a926d-0ae6-4cd1-bb5a-5e6b6b4e23f8: The system cannot find the path specified. (0x3)
[1014/064551.922:ERROR:filesystem_win.cc(129)] GetFileAttributes C:\Users\Bulgak\AppData\Local\Google\Chrome\User Data\Crashpad\attachments\800b71fe-48b2-41e5-863e-157c4f65cd18: The system cannot find the path specified. (0x3)
[1014/064551.922:ERROR:filesystem_win.cc(129)] GetFileAttributes C:\Users\Bulgak\AppData\Local\Google\Chrome\User Data\Crashpad\attachments\83936dad-6543-4caa-a8e3-1a8aeccbc341: The system cannot find the path specified. (0x3)
[1014/064551.938:ERROR:filesystem_win.cc(129)] GetFileAttributes C:\Users\Bulgak\AppData\Local\Google\Chrome\User Data\Crashpad\attachments\84d3bb62-41f5-4f69-8067-15227fa8b013: The system cannot find the path specified. (0x3)
[1014/064551.954:ERROR:filesystem_win.cc(129)] GetFileAttributes C:\Users\Bulgak\AppData\Local\Google\Chrome\User Data\Crashpad\attachments\85bfd189-c0cd-45c7-a81c-951db94bc26b: The system cannot find the path specified. (0x3)
[1014/064551.969:ERROR:filesystem_win.cc(129)] GetFileAttributes C:\Users\Bulgak\AppData\Local\Google\Chrome\User Data\Crashpad\attachments\85e28c1c-6d28-4eba-8d38-1117e4f4065c: The system cannot find the path specified. (0x3)
[1014/064551.985:ERROR:filesystem_win.cc(129)] GetFileAttributes C:\Users\Bulgak\AppData\Local\Google\Chrome\User Data\Crashpad\attachments\8778adb4-2c70-4a9a-9ff1-ca4bfbd1a548: The system cannot find the path specified. (0x3)
[1014/064551.985:ERROR:filesystem_win.cc(129)] GetFileAttributes C:\Users\Bulgak\AppData\Local\Google\Chrome\User Data\Crashpad\attachments\886879fe-727e-449e-bcff-c2298f572c18: The system cannot find the path specified. (0x3)
[1014/064552.001:ERROR:filesystem_win.cc(129)] GetFileAttributes C:\Users\Bulgak\AppData\Local\Google\Chrome\User Data\Crashpad\attachments\8ad6af3b-a690-476c-83ca-0b35e65792d2: The system cannot find the path specified. (0x3)
[1014/064552.032:ERROR:filesystem_win.cc(129)] GetFileAttributes C:\Users\Bulgak\AppData\Local\Google\Chrome\User Data\Crashpad\attachments\8b6616cc-85ff-4558-aee0-c316beeb2067: The system cannot find the path specified. (0x3)
[1014/064552.032:ERROR:filesystem_win.cc(129)] GetFileAttributes C:\Users\Bulgak\AppData\Local\Google\Chrome\User Data\Crashpad\attachments\8b8c35ba-dfc1-4a52-ab18-b6d1cacfa155: The system cannot find the path specified. (0x3)
[1014/064552.047:ERROR:filesystem_win.cc(129)] GetFileAttributes C:\Users\Bulgak\AppData\Local\Google\Chrome\User Data\Crashpad\attachments\8f36d758-eece-4677-9c89-8abb07843bdd: The system cannot find the path specified. (0x3)
[1014/064552.047:ERROR:filesystem_win.cc(129)] GetFileAttributes C:\Users\Bulgak\AppData\Local\Google\Chrome\User Data\Crashpad\attachments\914e5789-d0b2-41d9-80d5-a112d99f6a98: The system cannot find the path specified. (0x3)
[1014/064552.063:ERROR:filesystem_win.cc(129)] GetFileAttributes C:\Users\Bulgak\AppData\Local\Google\Chrome\User Data\Crashpad\attachments\91591170-1182-4f54-898e-4ab5a0773147: The system cannot find the path specified. (0x3)
[1014/064552.063:ERROR:filesystem_win.cc(129)] GetFileAttributes C:\Users\Bulgak\AppData\Local\Google\Chrome\User Data\Crashpad\attachments\92a14e56-d3f8-45c0-8105-51ca86370742: The system cannot find the path specified. (0x3)
[1014/064552.063:ERROR:filesystem_win.cc(129)] GetFileAttributes C:\Users\Bulgak\AppData\Local\Google\Chrome\User Data\Crashpad\attachments\936be371-14a1-44af-88ee-9d646ff11ef9: The system cannot find the path specified. (0x3)
[1014/064552.090:ERROR:filesystem_win.cc(129)] GetFileAttributes C:\Users\Bulgak\AppData\Local\Google\Chrome\User Data\Crashpad\attachments\93fdb3d0-c03b-4fcf-94d8-def533dad292: The system cannot find the path specified. (0x3)
[1014/064552.104:ERROR:filesystem_win.cc(129)] GetFileAttributes C:\Users\Bulgak\AppData\Local\Google\Chrome\User Data\Crashpad\attachments\9900284b-7332-44a8-bce6-6b865bb56ff5: The system cannot find the path specified. (0x3)
[1014/064552.117:ERROR:filesystem_win.cc(129)] GetFileAttributes C:\Users\Bulgak\AppData\Local\Google\Chrome\User Data\Crashpad\attachments\991dfce8-6509-43e8-b1ab-a8869ee2e495: The system cannot find the path specified. (0x3)
[1014/064552.133:ERROR:filesystem_win.cc(129)] GetFileAttributes C:\Users\Bulgak\AppData\Local\Google\Chrome\User Data\Crashpad\attachments\9a37b787-a516-4a86-b749-c71c9d580c07: The system cannot find the path specified. (0x3)
[1014/064552.134:ERROR:filesystem_win.cc(129)] GetFileAttributes C:\Users\Bulgak\AppData\Local\Google\Chrome\User Data\Crashpad\attachments\9a7913f5-173f-4767-829c-2ac0659e0d09: The system cannot find the path specified. (0x3)
[1014/064552.146:ERROR:filesystem_win.cc(129)] GetFileAttributes C:\Users\Bulgak\AppData\Local\Google\Chrome\User Data\Crashpad\attachments\9c2795d0-fbc8-4460-91cd-15a9451c0b02: The system cannot find the path specified. (0x3)
[1014/064552.158:ERROR:filesystem_win.cc(129)] GetFileAttributes C:\Users\Bulgak\AppData\Local\Google\Chrome\User Data\Crashpad\attachments\9d11ae25-79d5-42d1-9e60-977c0db06e61: The system cannot find the path specified. (0x3)
[1014/064552.158:ERROR:filesystem_win.cc(129)] GetFileAttributes C:\Users\Bulgak\AppData\Local\Google\Chrome\User Data\Crashpad\attachments\a285ccbc-7d14-4fa3-9756-ef737cc80fe3: The system cannot find the path specified. (0x3)
[1014/064552.190:ERROR:filesystem_win.cc(129)] GetFileAttributes C:\Users\Bulgak\AppData\Local\Google\Chrome\User Data\Crashpad\attachments\a3d5fcf4-3e33-488c-8bc9-a251a2785b3a: The system cannot find the path specified. (0x3)
[1014/064552.205:ERROR:filesystem_win.cc(129)] GetFileAttributes C:\Users\Bulgak\AppData\Local\Google\Chrome\User Data\Crashpad\attachments\a3db4495-5725-4faa-b6f7-f19ff983afa4: The system cannot find the path specified. (0x3)
[1014/064552.205:ERROR:filesystem_win.cc(129)] GetFileAttributes C:\Users\Bulgak\AppData\Local\Google\Chrome\User Data\Crashpad\attachments\a7202239-ea18-4286-94fd-c130fe854861: The system cannot find the path specified. (0x3)
[1014/064552.221:ERROR:filesystem_win.cc(129)] GetFileAttributes C:\Users\Bulgak\AppData\Local\Google\Chrome\User Data\Crashpad\attachments\a76959ea-9705-4288-b361-db140ca47522: The system cannot find the path specified. (0x3)
[1014/064552.236:ERROR:filesystem_win.cc(129)] GetFileAttributes C:\Users\Bulgak\AppData\Local\Google\Chrome\User Data\Crashpad\attachments\a8563496-2841-44b9-9ef8-3aebcdcbfea3: The system cannot find the path specified. (0x3)
[1014/064552.236:ERROR:filesystem_win.cc(129)] GetFileAttributes C:\Users\Bulgak\AppData\Local\Google\Chrome\User Data\Crashpad\attachments\a8783f78-0ee7-4eac-929e-eb0ea601462d: The system cannot find the path specified. (0x3)
[1014/064552.252:ERROR:filesystem_win.cc(129)] GetFileAttributes C:\Users\Bulgak\AppData\Local\Google\Chrome\User Data\Crashpad\attachments\aa8c585a-51fe-4330-b2e1-8e455e9d01dc: The system cannot find the path specified. (0x3)
[1014/064552.268:ERROR:filesystem_win.cc(129)] GetFileAttributes C:\Users\Bulgak\AppData\Local\Google\Chrome\User Data\Crashpad\attachments\aabfe7b2-dddd-4ea3-b432-5f4425ed7e97: The system cannot find the path specified. (0x3)
[1014/064552.268:ERROR:filesystem_win.cc(129)] GetFileAttributes C:\Users\Bulgak\AppData\Local\Google\Chrome\User Data\Crashpad\attachments\abaf9824-6bf9-4cd8-8632-0552b3bf86f2: The system cannot find the path specified. (0x3)
[1014/064552.283:ERROR:filesystem_win.cc(129)] GetFileAttributes C:\Users\Bulgak\AppData\Local\Google\Chrome\User Data\Crashpad\attachments\af88ee1b-f7c7-41b1-8c41-13ef6f8835c3: The system cannot find the path specified. (0x3)
[1014/064552.299:ERROR:filesystem_win.cc(129)] GetFileAttributes C:\Users\Bulgak\AppData\Local\Google\Chrome\User Data\Crashpad\attachments\afb3c36e-9657-4245-870d-741414e88fc2: The system cannot find the path specified. (0x3)
[1014/064552.330:ERROR:filesystem_win.cc(129)] GetFileAttributes C:\Users\Bulgak\AppData\Local\Google\Chrome\User Data\Crashpad\attachments\b159daf3-0b1a-45c2-a35a-f163f6ecefda: The system cannot find the path specified. (0x3)
[1014/064552.330:ERROR:filesystem_win.cc(129)] GetFileAttributes C:\Users\Bulgak\AppData\Local\Google\Chrome\User Data\Crashpad\attachments\b25682fb-dc35-489f-a749-ab694048bffe: The system cannot find the path specified. (0x3)
[1014/064552.346:ERROR:filesystem_win.cc(129)] GetFileAttributes C:\Users\Bulgak\AppData\Local\Google\Chrome\User Data\Crashpad\attachments\b2fa3a14-ecb9-4236-9a91-5d2e102af531: The system cannot find the path specified. (0x3)
[1014/064552.346:ERROR:filesystem_win.cc(129)] GetFileAttributes C:\Users\Bulgak\AppData\Local\Google\Chrome\User Data\Crashpad\attachments\b693bbfa-cf3d-4138-9e06-66d62ab5e770: The system cannot find the path specified. (0x3)
[1014/064552.361:ERROR:filesystem_win.cc(129)] GetFileAttributes C:\Users\Bulgak\AppData\Local\Google\Chrome\User Data\Crashpad\attachments\b829376c-c6b1-429b-a446-39d5fa161487: The system cannot find the path specified. (0x3)
[1014/064552.361:ERROR:filesystem_win.cc(129)] GetFileAttributes C:\Users\Bulgak\AppData\Local\Google\Chrome\User Data\Crashpad\attachments\b8894d81-dae3-4644-a44b-675deced6fbc: The system cannot find the path specified. (0x3)
[1014/064552.361:ERROR:filesystem_win.cc(129)] GetFileAttributes C:\Users\Bulgak\AppData\Local\Google\Chrome\User Data\Crashpad\attachments\b8a6779a-772e-4e61-a4c1-9917fa86a350: The system cannot find the path specified. (0x3)
[1014/064552.361:ERROR:filesystem_win.cc(129)] GetFileAttributes C:\Users\Bulgak\AppData\Local\Google\Chrome\User Data\Crashpad\attachments\b93eb2b2-1d20-476d-9583-c2bc0c4dbbe0: The system cannot find the path specified. (0x3)
[1014/064552.377:ERROR:filesystem_win.cc(129)] GetFileAttributes C:\Users\Bulgak\AppData\Local\Google\Chrome\User Data\Crashpad\attachments\b943a5cb-bcbf-41f9-b947-0f94350df14d: The system cannot find the path specified. (0x3)
[1014/064552.393:ERROR:filesystem_win.cc(129)] GetFileAttributes C:\Users\Bulgak\AppData\Local\Google\Chrome\User Data\Crashpad\attachments\b9ce7a3e-5b8d-4a25-b2d4-b8146aa56563: The system cannot find the path specified. (0x3)
[1014/064552.393:ERROR:filesystem_win.cc(129)] GetFileAttributes C:\Users\Bulgak\AppData\Local\Google\Chrome\User Data\Crashpad\attachments\bcf1e019-fd84-4c23-9b47-4127f62488b1: The system cannot find the path specified. (0x3)
[1014/064552.408:ERROR:filesystem_win.cc(129)] GetFileAttributes C:\Users\Bulgak\AppData\Local\Google\Chrome\User Data\Crashpad\attachments\bd51d352-7bb9-4d35-beb2-349b9648b799: The system cannot find the path specified. (0x3)
[1014/064552.424:ERROR:filesystem_win.cc(129)] GetFileAttributes C:\Users\Bulgak\AppData\Local\Google\Chrome\User Data\Crashpad\attachments\bd8ca115-293b-472f-b07d-da85f7efeb5a: The system cannot find the path specified. (0x3)
[1014/064552.440:ERROR:filesystem_win.cc(129)] GetFileAttributes C:\Users\Bulgak\AppData\Local\Google\Chrome\User Data\Crashpad\attachments\be7ab816-d486-4f30-baaa-395ba4bb0f87: The system cannot find the path specified. (0x3)
[1014/064552.455:ERROR:filesystem_win.cc(129)] GetFileAttributes C:\Users\Bulgak\AppData\Local\Google\Chrome\User Data\Crashpad\attachments\bf4e303f-e641-479d-add9-14f73524e37e: The system cannot find the path specified. (0x3)
[1014/064552.455:ERROR:filesystem_win.cc(129)] GetFileAttributes C:\Users\Bulgak\AppData\Local\Google\Chrome\User Data\Crashpad\attachments\c112374e-ce86-48b4-a645-71aa9e320a8e: The system cannot find the path specified. (0x3)
[1014/064552.455:ERROR:filesystem_win.cc(129)] GetFileAttributes C:\Users\Bulgak\AppData\Local\Google\Chrome\User Data\Crashpad\attachments\c185a848-7f82-4dd5-b397-d0c783ed6d15: The system cannot find the path specified. (0x3)
[1014/064552.471:ERROR:filesystem_win.cc(129)] GetFileAttributes C:\Users\Bulgak\AppData\Local\Google\Chrome\User Data\Crashpad\attachments\c2960202-9ff0-43b0-a682-1d3da11283a1: The system cannot find the path specified. (0x3)
[1014/064552.487:ERROR:filesystem_win.cc(129)] GetFileAttributes C:\Users\Bulgak\AppData\Local\Google\Chrome\User Data\Crashpad\attachments\c4da4d78-d944-493f-98e3-ad39f1087b38: The system cannot find the path specified. (0x3)
[1014/064552.502:ERROR:filesystem_win.cc(129)] GetFileAttributes C:\Users\Bulgak\AppData\Local\Google\Chrome\User Data\Crashpad\attachments\c8105423-4390-4ea3-ade3-7745f6a2d3ce: The system cannot find the path specified. (0x3)
[1014/064552.502:ERROR:filesystem_win.cc(129)] GetFileAttributes C:\Users\Bulgak\AppData\Local\Google\Chrome\User Data\Crashpad\attachments\c8d8a057-6726-4474-bf71-1a8e3a8ae437: The system cannot find the path specified. (0x3)
[1014/064552.502:ERROR:filesystem_win.cc(129)] GetFileAttributes C:\Users\Bulgak\AppData\Local\Google\Chrome\User Data\Crashpad\attachments\c90b867d-e4d0-412c-bb93-70186196e5f0: The system cannot find the path specified. (0x3)
[1014/064552.518:ERROR:filesystem_win.cc(129)] GetFileAttributes C:\Users\Bulgak\AppData\Local\Google\Chrome\User Data\Crashpad\attachments\cb1ef29a-ffdb-4f72-95e8-5fe0f1a65d30: The system cannot find the path specified. (0x3)
[1014/064552.539:ERROR:filesystem_win.cc(129)] GetFileAttributes C:\Users\Bulgak\AppData\Local\Google\Chrome\User Data\Crashpad\attachments\cbc3404a-f06b-47b9-8bb9-9d6fdcd1e8d3: The system cannot find the path specified. (0x3)
[1014/064552.556:ERROR:filesystem_win.cc(129)] GetFileAttributes C:\Users\Bulgak\AppData\Local\Google\Chrome\User Data\Crashpad\attachments\cbe4a1a6-f07c-4d09-8cb2-0d8ccba4fd4b: The system cannot find the path specified. (0x3)
[1014/064552.556:ERROR:filesystem_win.cc(129)] GetFileAttributes C:\Users\Bulgak\AppData\Local\Google\Chrome\User Data\Crashpad\attachments\cc201a8e-a3f5-4fb6-b0ff-0234bac97f51: The system cannot find the path specified. (0x3)
[1014/064552.556:ERROR:filesystem_win.cc(129)] GetFileAttributes C:\Users\Bulgak\AppData\Local\Google\Chrome\User Data\Crashpad\attachments\cf0aa116-87e2-4305-ae2f-bdb635d4ccc1: The system cannot find the path specified. (0x3)
[1014/064552.556:ERROR:filesystem_win.cc(129)] GetFileAttributes C:\Users\Bulgak\AppData\Local\Google\Chrome\User Data\Crashpad\attachments\cf1ba2b4-88bd-448a-b9b4-428a9106e6e5: The system cannot find the path specified. (0x3)
[1014/064552.556:ERROR:filesystem_win.cc(129)] GetFileAttributes C:\Users\Bulgak\AppData\Local\Google\Chrome\User Data\Crashpad\attachments\d02f4eb5-1afa-4dde-b85b-bb059eaffb8a: The system cannot find the path specified. (0x3)
[1014/064552.572:ERROR:filesystem_win.cc(129)] GetFileAttributes C:\Users\Bulgak\AppData\Local\Google\Chrome\User Data\Crashpad\attachments\d04ab225-bfdd-4fe2-9d76-c3043501996a: The system cannot find the path specified. (0x3)
[1014/064552.572:ERROR:filesystem_win.cc(129)] GetFileAttributes C:\Users\Bulgak\AppData\Local\Google\Chrome\User Data\Crashpad\attachments\d1d5f3df-f1cf-4b84-b3ee-d15729026b3d: The system cannot find the path specified. (0x3)
[1014/064552.653:ERROR:filesystem_win.cc(129)] GetFileAttributes C:\Users\Bulgak\AppData\Local\Google\Chrome\User Data\Crashpad\attachments\d3b010c9-c01f-4095-b44a-8d6e8a4266b3: The system cannot find the path specified. (0x3)
[1014/064552.653:ERROR:filesystem_win.cc(129)] GetFileAttributes C:\Users\Bulgak\AppData\Local\Google\Chrome\User Data\Crashpad\attachments\d459f18a-2861-4e4d-bf91-c710d7ea86f0: The system cannot find the path specified. (0x3)
[1014/064552.653:ERROR:filesystem_win.cc(129)] GetFileAttributes C:\Users\Bulgak\AppData\Local\Google\Chrome\User Data\Crashpad\attachments\d59dbe2d-ba44-444d-838f-e45e8fbfad36: The system cannot find the path specified. (0x3)
[1014/064552.653:ERROR:filesystem_win.cc(129)] GetFileAttributes C:\Users\Bulgak\AppData\Local\Google\Chrome\User Data\Crashpad\attachments\d5ae0eb3-ed99-4b88-9851-2ce3765ab055: The system cannot find the path specified. (0x3)
[1014/064552.669:ERROR:filesystem_win.cc(129)] GetFileAttributes C:\Users\Bulgak\AppData\Local\Google\Chrome\User Data\Crashpad\attachments\d6d95f8f-6f00-4a0d-9d96-f42f42d2293b: The system cannot find the path specified. (0x3)
[1014/064552.669:ERROR:filesystem_win.cc(129)] GetFileAttributes C:\Users\Bulgak\AppData\Local\Google\Chrome\User Data\Crashpad\attachments\d7a63dd9-734d-4174-acd4-3859e89b438c: The system cannot find the path specified. (0x3)
[1014/064552.685:ERROR:filesystem_win.cc(129)] GetFileAttributes C:\Users\Bulgak\AppData\Local\Google\Chrome\User Data\Crashpad\attachments\d870018a-7013-43e6-a31c-c0895fe7c709: The system cannot find the path specified. (0x3)
[1014/064552.700:ERROR:filesystem_win.cc(129)] GetFileAttributes C:\Users\Bulgak\AppData\Local\Google\Chrome\User Data\Crashpad\attachments\d893f86d-2d28-4f50-9d19-395bba75120f: The system cannot find the path specified. (0x3)
[1014/064552.700:ERROR:filesystem_win.cc(129)] GetFileAttributes C:\Users\Bulgak\AppData\Local\Google\Chrome\User Data\Crashpad\attachments\d93a2c9a-9ad4-45eb-9181-0c2fef333750: The system cannot find the path specified. (0x3)
[1014/064552.700:ERROR:filesystem_win.cc(129)] GetFileAttributes C:\Users\Bulgak\AppData\Local\Google\Chrome\User Data\Crashpad\attachments\daa652f8-e26c-4c5d-9151-21cf849e18c6: The system cannot find the path specified. (0x3)
[1014/064552.716:ERROR:filesystem_win.cc(129)] GetFileAttributes C:\Users\Bulgak\AppData\Local\Google\Chrome\User Data\Crashpad\attachments\dd14122d-2201-41ef-a8ab-5b28f39b866c: The system cannot find the path specified. (0x3)
[1014/064552.716:ERROR:filesystem_win.cc(129)] GetFileAttributes C:\Users\Bulgak\AppData\Local\Google\Chrome\User Data\Crashpad\attachments\dd85bf32-2d9d-4b5d-b7bb-0a54973f3810: The system cannot find the path specified. (0x3)
[1014/064552.735:ERROR:filesystem_win.cc(129)] GetFileAttributes C:\Users\Bulgak\AppData\Local\Google\Chrome\User Data\Crashpad\attachments\de5c7c0c-b0fe-4a40-bb00-2c90ec0f63a9: The system cannot find the path specified. (0x3)
[1014/064552.751:ERROR:filesystem_win.cc(129)] GetFileAttributes C:\Users\Bulgak\AppData\Local\Google\Chrome\User Data\Crashpad\attachments\dea516f7-43cd-455d-a761-77dc4d437b37: The system cannot find the path specified. (0x3)
[1014/064552.767:ERROR:filesystem_win.cc(129)] GetFileAttributes C:\Users\Bulgak\AppData\Local\Google\Chrome\User Data\Crashpad\attachments\e0ccd3ef-2d73-41a0-b2e7-ef512a0262d2: The system cannot find the path specified. (0x3)
[1014/064552.786:ERROR:filesystem_win.cc(129)] GetFileAttributes C:\Users\Bulgak\AppData\Local\Google\Chrome\User Data\Crashpad\attachments\e2438c2e-3b98-49f1-83bf-807035d7ade1: The system cannot find the path specified. (0x3)
[1014/064552.792:ERROR:filesystem_win.cc(129)] GetFileAttributes C:\Users\Bulgak\AppData\Local\Google\Chrome\User Data\Crashpad\attachments\e25be118-87a1-41fa-b6bb-f26063f7a263: The system cannot find the path specified. (0x3)
[1014/064552.792:ERROR:filesystem_win.cc(129)] GetFileAttributes C:\Users\Bulgak\AppData\Local\Google\Chrome\User Data\Crashpad\attachments\e27329d6-a8a5-4ab5-a049-b24ec6bd0447: The system cannot find the path specified. (0x3)
[1014/064552.792:ERROR:filesystem_win.cc(129)] GetFileAttributes C:\Users\Bulgak\AppData\Local\Google\Chrome\User Data\Crashpad\attachments\e3196853-9905-4124-a8ac-091afdf25b9f: The system cannot find the path specified. (0x3)
[1014/064552.792:ERROR:filesystem_win.cc(129)] GetFileAttributes C:\Users\Bulgak\AppData\Local\Google\Chrome\User Data\Crashpad\attachments\e32ef98e-077c-462e-bd6e-b4742da621dc: The system cannot find the path specified. (0x3)
[1014/064552.808:ERROR:filesystem_win.cc(129)] GetFileAttributes C:\Users\Bulgak\AppData\Local\Google\Chrome\User Data\Crashpad\attachments\e86cab72-4f73-48ce-905f-07f8357051dd: The system cannot find the path specified. (0x3)
[1014/064552.808:ERROR:filesystem_win.cc(129)] GetFileAttributes C:\Users\Bulgak\AppData\Local\Google\Chrome\User Data\Crashpad\attachments\e880a94e-fb53-419c-b1e7-044115ccec04: The system cannot find the path specified. (0x3)
[1014/064552.823:ERROR:filesystem_win.cc(129)] GetFileAttributes C:\Users\Bulgak\AppData\Local\Google\Chrome\User Data\Crashpad\attachments\eb1d0ebf-6b54-48e1-ab6a-d281ce0cadb9: The system cannot find the path specified. (0x3)
[1014/064552.855:ERROR:filesystem_win.cc(129)] GetFileAttributes C:\Users\Bulgak\AppData\Local\Google\Chrome\User Data\Crashpad\attachments\ec0b1d4f-3cce-46ca-b430-82a2fea6727b: The system cannot find the path specified. (0x3)
[1014/064552.870:ERROR:filesystem_win.cc(129)] GetFileAttributes C:\Users\Bulgak\AppData\Local\Google\Chrome\User Data\Crashpad\attachments\ed8c9981-4dcb-4a74-8163-03ad07e39fe3: The system cannot find the path specified. (0x3)
[1014/064552.870:ERROR:filesystem_win.cc(129)] GetFileAttributes C:\Users\Bulgak\AppData\Local\Google\Chrome\User Data\Crashpad\attachments\ee423573-a23d-4fcd-aa66-aaf7d4d23ce1: The system cannot find the path specified. (0x3)
[1014/064552.886:ERROR:filesystem_win.cc(129)] GetFileAttributes C:\Users\Bulgak\AppData\Local\Google\Chrome\User Data\Crashpad\attachments\eec6642b-6b68-4c33-88f2-ee62a86d6636: The system cannot find the path specified. (0x3)
[1014/064552.886:ERROR:filesystem_win.cc(129)] GetFileAttributes C:\Users\Bulgak\AppData\Local\Google\Chrome\User Data\Crashpad\attachments\efed099e-2ef2-4be5-9fdb-09a46499e99a: The system cannot find the path specified. (0x3)
[1014/064552.902:ERROR:filesystem_win.cc(129)] GetFileAttributes C:\Users\Bulgak\AppData\Local\Google\Chrome\User Data\Crashpad\attachments\f0ccdc1d-eab6-4a31-83e0-bac17ad2a5ba: The system cannot find the path specified. (0x3)
[1014/064552.917:ERROR:filesystem_win.cc(129)] GetFileAttributes C:\Users\Bulgak\AppData\Local\Google\Chrome\User Data\Crashpad\attachments\f0da734c-8252-4f68-8ed4-2c512c24f3e7: The system cannot find the path specified. (0x3)
[1014/064552.945:ERROR:filesystem_win.cc(129)] GetFileAttributes C:\Users\Bulgak\AppData\Local\Google\Chrome\User Data\Crashpad\attachments\f1286ab6-a69b-45e2-b4cd-3c00fe352c34: The system cannot find the path specified. (0x3)
[1014/064552.945:ERROR:filesystem_win.cc(129)] GetFileAttributes C:\Users\Bulgak\AppData\Local\Google\Chrome\User Data\Crashpad\attachments\f3900df6-0bf0-48c5-a8b3-29b03d429170: The system cannot find the path specified. (0x3)
[1014/064552.959:ERROR:filesystem_win.cc(129)] GetFileAttributes C:\Users\Bulgak\AppData\Local\Google\Chrome\User Data\Crashpad\attachments\f48bd6cf-2e83-4136-b973-d18179668b31: The system cannot find the path specified. (0x3)
[1014/064552.975:ERROR:filesystem_win.cc(129)] GetFileAttributes C:\Users\Bulgak\AppData\Local\Google\Chrome\User Data\Crashpad\attachments\f5f6ffd7-0987-46dd-a653-2395130f92db: The system cannot find the path specified. (0x3)
[1014/064552.975:ERROR:filesystem_win.cc(129)] GetFileAttributes C:\Users\Bulgak\AppData\Local\Google\Chrome\User Data\Crashpad\attachments\f8c49ffb-dca8-4b99-8789-406605f7bc9c: The system cannot find the path specified. (0x3)
[1014/064552.975:ERROR:filesystem_win.cc(129)] GetFileAttributes C:\Users\Bulgak\AppData\Local\Google\Chrome\User Data\Crashpad\attachments\f9a975e9-5e2f-4fff-89e1-a8fecb21b8a8: The system cannot find the path specified. (0x3)
[1014/064552.990:ERROR:filesystem_win.cc(129)] GetFileAttributes C:\Users\Bulgak\AppData\Local\Google\Chrome\User Data\Crashpad\attachments\f9b29c01-a99f-4807-ab3c-8907bcea5576: The system cannot find the path specified. (0x3)
[1014/064552.990:ERROR:filesystem_win.cc(129)] GetFileAttributes C:\Users\Bulgak\AppData\Local\Google\Chrome\User Data\Crashpad\attachments\f9c4c13f-10de-4e63-adfa-3f9a9d37c59f: The system cannot find the path specified. (0x3)
[1014/064552.990:ERROR:filesystem_win.cc(129)] GetFileAttributes C:\Users\Bulgak\AppData\Local\Google\Chrome\User Data\Crashpad\attachments\fa3a1c03-8a3b-4882-9706-68e3adca04d6: The system cannot find the path specified. (0x3)
[1014/064553.006:ERROR:filesystem_win.cc(129)] GetFileAttributes C:\Users\Bulgak\AppData\Local\Google\Chrome\User Data\Crashpad\attachments\fa852e37-68d9-451f-9510-c24b1ee18b5d: The system cannot find the path specified. (0x3)
[1014/064553.022:ERROR:filesystem_win.cc(129)] GetFileAttributes C:\Users\Bulgak\AppData\Local\Google\Chrome\User Data\Crashpad\attachments\fb417851-ea11-4472-b0ce-cfa0e803879d: The system cannot find the path specified. (0x3)
[1014/064553.022:ERROR:filesystem_win.cc(129)] GetFileAttributes C:\Users\Bulgak\AppData\Local\Google\Chrome\User Data\Crashpad\attachments\fc208595-078f-4c58-92b5-a4b0bade70e7: The system cannot find the path specified. (0x3)
[1014/064553.037:ERROR:filesystem_win.cc(129)] GetFileAttributes C:\Users\Bulgak\AppData\Local\Google\Chrome\User Data\Crashpad\attachments\fc51034c-e27c-4216-8502-7a4cdbb7be00: The system cannot find the path specified. (0x3)
[1014/064553.037:ERROR:filesystem_win.cc(129)] GetFileAttributes C:\Users\Bulgak\AppData\Local\Google\Chrome\User Data\Crashpad\attachments\fc99dae2-b7fb-4bae-ad14-e19a8efdde30: The system cannot find the path specified. (0x3)
[1014/064553.037:ERROR:filesystem_win.cc(129)] GetFileAttributes C:\Users\Bulgak\AppData\Local\Google\Chrome\User Data\Crashpad\attachments\fcde4216-3b71-44b5-8663-2bd5f844cff4: The system cannot find the path specified. (0x3)
[1014/064553.053:ERROR:filesystem_win.cc(129)] GetFileAttributes C:\Users\Bulgak\AppData\Local\Google\Chrome\User Data\Crashpad\attachments\fe08f543-0d81-4114-9a86-6209bc14c796: The system cannot find the path specified. (0x3)
[1014/064553.053:ERROR:filesystem_win.cc(129)] GetFileAttributes C:\Users\Bulgak\AppData\Local\Google\Chrome\User Data\Crashpad\attachments\fec2c314-909e-43c8-a353-47cc20de8c83: The system cannot find the path specified. (0x3)
[1014/064553.100:ERROR:filesystem_win.cc(129)] GetFileAttributes C:\Users\Bulgak\AppData\Local\Google\Chrome\User Data\Crashpad\attachments\ff721e63-392b-4453-ae41-58a16d67ad2c: The system cannot find the path specified. (0x3)
[1014/064553.100:ERROR:directory_reader_win.cc(43)] FindFirstFile: The system cannot find the path specified. (0x3)
[1014/064553.100:ERROR:crash_report_database_win.cc(457)] unexpected header
[1014/064553.100:ERROR:crash_report_database_win.cc(457)] unexpected header
[1014/065051.000:ERROR:crash_report_database_win.cc(457)] unexpected header
[1014/070551.000:ERROR:crash_report_database_win.cc(457)] unexpected header
[1014/072051.001:ERROR:crash_report_database_win.cc(457)] unexpected header
[1014/073551.002:ERROR:crash_report_database_win.cc(457)] unexpected header
[1014/075051.002:ERROR:crash_report_database_win.cc(457)] unexpected header
[1014/080551.002:ERROR:crash_report_database_win.cc(457)] unexpected header
[1014/082051.002:ERROR:crash_report_database_win.cc(457)] unexpected header
[1014/083551.003:ERROR:crash_report_database_win.cc(457)] unexpected header
[1014/085051.003:ERROR:crash_report_database_win.cc(457)] unexpected header
[1014/090551.004:ERROR:crash_report_database_win.cc(457)] unexpected header
[1014/092051.004:ERROR:crash_report_database_win.cc(457)] unexpected header
[1014/093551.005:ERROR:crash_report_database_win.cc(457)] unexpected header
[1014/095051.005:ERROR:crash_report_database_win.cc(457)] unexpected header
[1014/100551.005:ERROR:crash_report_database_win.cc(457)] unexpected header
[1014/102051.005:ERROR:crash_report_database_win.cc(457)] unexpected header
[1014/103551.005:ERROR:crash_report_database_win.cc(457)] unexpected header
[1014/111814.130:ERROR:crash_report_database_win.cc(457)] unexpected header
[1014/113314.142:ERROR:crash_report_database_win.cc(457)] unexpected header
[1014/114814.144:ERROR:crash_report_database_win.cc(457)] unexpected header
[1014/120314.144:ERROR:crash_report_database_win.cc(457)] unexpected header
[1014/121814.144:ERROR:crash_report_database_win.cc(457)] unexpected header
[1014/123314.144:ERROR:crash_report_database_win.cc(457)] unexpected header
[1014/124814.145:ERROR:crash_report_database_win.cc(457)] unexpected header
[1014/130314.145:ERROR:crash_report_database_win.cc(457)] unexpected header
[1014/131814.145:ERROR:crash_report_database_win.cc(457)] unexpected header
[1014/133314.146:ERROR:crash_report_database_win.cc(457)] unexpected header
[1014/134814.146:ERROR:crash_report_database_win.cc(457)] unexpected header
[1014/140314.147:ERROR:crash_report_database_win.cc(457)] unexpected header
[1014/141814.147:ERROR:crash_report_database_win.cc(457)] unexpected header
[1014/143314.147:ERROR:crash_report_database_win.cc(457)] unexpected header
[1014/144814.148:ERROR:crash_report_database_win.cc(457)] unexpected header
[1014/150314.151:ERROR:crash_report_database_win.cc(457)] unexpected header
[1014/151814.155:ERROR:crash_report_database_win.cc(457)] unexpected header
[1014/153314.163:ERROR:crash_report_database_win.cc(457)] unexpected header
[1014/154814.166:ERROR:crash_report_database_win.cc(457)] unexpected header
[1014/160314.166:ERROR:crash_report_database_win.cc(457)] unexpected header
[1014/161814.166:ERROR:crash_report_database_win.cc(457)] unexpected header
[1014/163314.167:ERROR:crash_report_database_win.cc(457)] unexpected header
[1014/164814.168:ERROR:crash_report_database_win.cc(457)] unexpected header
[1014/170314.168:ERROR:crash_report_database_win.cc(457)] unexpected header
[1014/171814.169:ERROR:crash_report_database_win.cc(457)] unexpected header
[1014/173314.169:ERROR:crash_report_database_win.cc(457)] unexpected header
[1014/174814.169:ERROR:crash_report_database_win.cc(457)] unexpected header
[1014/180314.169:ERROR:crash_report_database_win.cc(457)] unexpected header
[1014/181814.170:ERROR:crash_report_database_win.cc(457)] unexpected header
[1014/183314.170:ERROR:crash_report_database_win.cc(457)] unexpected header
[1014/184814.171:ERROR:crash_report_database_win.cc(457)] unexpected header
[1014/190314.171:ERROR:crash_report_database_win.cc(457)] unexpected header
[1014/191814.171:ERROR:crash_report_database_win.cc(457)] unexpected header
[1014/193314.172:ERROR:crash_report_database_win.cc(457)] unexpected header
[1014/194814.172:ERROR:crash_report_database_win.cc(457)] unexpected header
[1014/200314.173:ERROR:crash_report_database_win.cc(457)] unexpected header
[1014/201814.174:ERROR:crash_report_database_win.cc(457)] unexpected header
[1014/203314.174:ERROR:crash_report_database_win.cc(457)] unexpected header
[1014/204814.175:ERROR:crash_report_database_win.cc(457)] unexpected header
[1015/010415.603:ERROR:crash_report_database_win.cc(457)] unexpected header
[1015/011915.604:ERROR:crash_report_database_win.cc(457)] unexpected header
[1015/013415.605:ERROR:crash_report_database_win.cc(457)] unexpected header
[1015/014915.605:ERROR:crash_report_database_win.cc(457)] unexpected header
[1015/020415.606:ERROR:crash_report_database_win.cc(457)] unexpected header
[1015/021915.606:ERROR:crash_report_database_win.cc(457)] unexpected header
[1015/023415.607:ERROR:crash_report_database_win.cc(457)] unexpected header
[1015/024915.607:ERROR:crash_report_database_win.cc(457)] unexpected header
[1015/030415.608:ERROR:crash_report_database_win.cc(457)] unexpected header
[1015/031915.608:ERROR:crash_report_database_win.cc(457)] unexpected header
[1015/033415.608:ERROR:crash_report_database_win.cc(457)] unexpected header
[1015/034650.759:ERROR:crash_report_database_win.cc(457)] unexpected header
[1015/034915.609:ERROR:crash_report_database_win.cc(457)] unexpected header
[1015/035247.774:ERROR:crash_report_database_win.cc(457)] unexpected header
[1015/040415.610:ERROR:crash_report_database_win.cc(457)] unexpected header
[1015/041915.610:ERROR:crash_report_database_win.cc(457)] unexpected header
[1015/043415.610:ERROR:crash_report_database_win.cc(457)] unexpected header
[1015/044915.611:ERROR:crash_report_database_win.cc(457)] unexpected header
[1015/050415.612:ERROR:crash_report_database_win.cc(457)] unexpected header
[1015/051915.612:ERROR:crash_report_database_win.cc(457)] unexpected header
[1015/053415.613:ERROR:crash_report_database_win.cc(457)] unexpected header
[1015/054915.613:ERROR:crash_report_database_win.cc(457)] unexpected header
[1015/060415.614:ERROR:crash_report_database_win.cc(457)] unexpected header
[1015/061915.614:ERROR:crash_report_database_win.cc(457)] unexpected header
[1015/063415.615:ERROR:crash_report_database_win.cc(457)] unexpected header
[1015/064915.615:ERROR:crash_report_database_win.cc(457)] unexpected header
[1015/070415.616:ERROR:crash_report_database_win.cc(457)] unexpected header
[1015/071915.616:ERROR:crash_report_database_win.cc(457)] unexpected header
[1015/073415.617:ERROR:crash_report_database_win.cc(457)] unexpected header
[1015/074915.617:ERROR:crash_report_database_win.cc(457)] unexpected header
[1015/080415.617:ERROR:crash_report_database_win.cc(457)] unexpected header
[1015/081915.617:ERROR:crash_report_database_win.cc(457)] unexpected header
[1015/083415.617:ERROR:crash_report_database_win.cc(457)] unexpected header
[1015/084915.618:ERROR:crash_report_database_win.cc(457)] unexpected header
[1015/090415.618:ERROR:crash_report_database_win.cc(457)] unexpected header
[1015/091915.620:ERROR:crash_report_database_win.cc(457)] unexpected header
[1015/093415.620:ERROR:crash_report_database_win.cc(457)] unexpected header
[1015/094915.621:ERROR:crash_report_database_win.cc(457)] unexpected header
[1015/100415.622:ERROR:crash_report_database_win.cc(457)] unexpected header
[1015/101915.622:ERROR:crash_report_database_win.cc(457)] unexpected header
[1015/103415.623:ERROR:crash_report_database_win.cc(457)] unexpected header
[1015/104915.624:ERROR:crash_report_database_win.cc(457)] unexpected header
[1015/110415.624:ERROR:crash_report_database_win.cc(457)] unexpected header
[1015/111417.714:ERROR:crash_report_database_win.cc(457)] unexpected header
[1015/111417.715:ERROR:directory_reader_win.cc(43)] FindFirstFile: The system cannot find the path specified. (0x3)
[1015/111417.715:ERROR:crash_report_database_win.cc(457)] unexpected header
[1015/111417.715:ERROR:crash_report_database_win.cc(457)] unexpected header
[1015/111915.624:ERROR:crash_report_database_win.cc(457)] unexpected header
[1015/113415.624:ERROR:crash_report_database_win.cc(457)] unexpected header
[1015/114915.629:ERROR:crash_report_database_win.cc(457)] unexpected header
[1015/120415.631:ERROR:crash_report_database_win.cc(457)] unexpected header
[1015/121915.631:ERROR:crash_report_database_win.cc(457)] unexpected header
[1015/123415.632:ERROR:crash_report_database_win.cc(457)] unexpected header
[1015/124915.632:ERROR:crash_report_database_win.cc(457)] unexpected header
[1015/130415.633:ERROR:crash_report_database_win.cc(457)] unexpected header
[1015/131915.634:ERROR:crash_report_database_win.cc(457)] unexpected header
[1015/133415.634:ERROR:crash_report_database_win.cc(457)] unexpected header
[1015/134915.634:ERROR:crash_report_database_win.cc(457)] unexpected header
[1015/140415.635:ERROR:crash_report_database_win.cc(457)] unexpected header
[1015/141915.635:ERROR:crash_report_database_win.cc(457)] unexpected header
[1015/143415.636:ERROR:crash_report_database_win.cc(457)] unexpected header
[1015/144915.636:ERROR:crash_report_database_win.cc(457)] unexpected header
[1015/150415.637:ERROR:crash_report_database_win.cc(457)] unexpected header
[1015/151915.637:ERROR:crash_report_database_win.cc(457)] unexpected header
[1015/153415.637:ERROR:crash_report_database_win.cc(457)] unexpected header
[1015/154915.638:ERROR:crash_report_database_win.cc(457)] unexpected header
[1015/160415.638:ERROR:crash_report_database_win.cc(457)] unexpected header
[1015/161915.639:ERROR:crash_report_database_win.cc(457)] unexpected header
[1015/163415.640:ERROR:crash_report_database_win.cc(457)] unexpected header
[1015/164915.641:ERROR:crash_report_database_win.cc(457)] unexpected header
[1015/170415.641:ERROR:crash_report_database_win.cc(457)] unexpected header
[1015/171915.641:ERROR:crash_report_database_win.cc(457)] unexpected header
[1015/173415.642:ERROR:crash_report_database_win.cc(457)] unexpected header
[1016/064907.351:ERROR:crash_report_database_win.cc(457)] unexpected header
[1016/101316.331:ERROR:directory_reader_win.cc(43)] FindFirstFile: The system cannot find the path specified. (0x3)
[1017/062423.512:ERROR:directory_reader_win.cc(43)] FindFirstFile: The system cannot find the path specified. (0x3)
[1017/094107.194:ERROR:crash_report_database_win.cc(457)] unexpected header
[1017/095107.202:ERROR:crash_report_database_win.cc(457)] unexpected header
[1017/095107.203:ERROR:directory_reader_win.cc(43)] FindFirstFile: The system cannot find the path specified. (0x3)
[1017/095107.203:ERROR:crash_report_database_win.cc(457)] unexpected header
[1017/095107.203:ERROR:crash_report_database_win.cc(457)] unexpected header
[1017/095607.229:ERROR:crash_report_database_win.cc(457)] unexpected header
[1017/101107.229:ERROR:crash_report_database_win.cc(457)] unexpected header
[1017/102607.230:ERROR:crash_report_database_win.cc(457)] unexpected header
[1017/104107.230:ERROR:crash_report_database_win.cc(457)] unexpected header
[1017/105607.230:ERROR:crash_report_database_win.cc(457)] unexpected header
[1017/111107.230:ERROR:crash_report_database_win.cc(457)] unexpected header
[1017/112607.231:ERROR:crash_report_database_win.cc(457)] unexpected header
[1017/114107.232:ERROR:crash_report_database_win.cc(457)] unexpected header
[1017/115607.232:ERROR:crash_report_database_win.cc(457)] unexpected header
[1017/121107.232:ERROR:crash_report_database_win.cc(457)] unexpected header
[1017/122607.234:ERROR:crash_report_database_win.cc(457)] unexpected header
[1017/124107.234:ERROR:crash_report_database_win.cc(457)] unexpected header
[1017/125607.234:ERROR:crash_report_database_win.cc(457)] unexpected header
[1017/131107.234:ERROR:crash_report_database_win.cc(457)] unexpected header
[1017/132607.235:ERROR:crash_report_database_win.cc(457)] unexpected header
[1017/134107.235:ERROR:crash_report_database_win.cc(457)] unexpected header
[1017/135607.243:ERROR:crash_report_database_win.cc(457)] unexpected header
[1017/141107.247:ERROR:crash_report_database_win.cc(457)] unexpected header
[1017/142607.248:ERROR:crash_report_database_win.cc(457)] unexpected header
[1017/144107.262:ERROR:crash_report_database_win.cc(457)] unexpected header
[1017/145607.263:ERROR:crash_report_database_win.cc(457)] unexpected header
[1017/151107.274:ERROR:crash_report_database_win.cc(457)] unexpected header
[1017/152607.285:ERROR:crash_report_database_win.cc(457)] unexpected header
[1017/154107.288:ERROR:crash_report_database_win.cc(457)] unexpected header
[1017/155607.296:ERROR:crash_report_database_win.cc(457)] unexpected header
[1017/161107.296:ERROR:crash_report_database_win.cc(457)] unexpected header
[1017/162607.300:ERROR:crash_report_database_win.cc(457)] unexpected header
[1017/164107.300:ERROR:crash_report_database_win.cc(457)] unexpected header
[1017/165607.315:ERROR:crash_report_database_win.cc(457)] unexpected header
[1017/171107.316:ERROR:crash_report_database_win.cc(457)] unexpected header
[1017/172607.319:ERROR:crash_report_database_win.cc(457)] unexpected header
[1017/174107.325:ERROR:crash_report_database_win.cc(457)] unexpected header
[1017/175607.337:ERROR:crash_report_database_win.cc(457)] unexpected header
[1017/181107.338:ERROR:crash_report_database_win.cc(457)] unexpected header
[1017/182607.338:ERROR:crash_report_database_win.cc(457)] unexpected header
[1017/184107.349:ERROR:crash_report_database_win.cc(457)] unexpected header
[1017/185607.350:ERROR:crash_report_database_win.cc(457)] unexpected header
[1018/023447.219:ERROR:crash_report_database_win.cc(457)] unexpected header
[1018/024947.232:ERROR:crash_report_database_win.cc(457)] unexpected header
[1018/030447.241:ERROR:crash_report_database_win.cc(457)] unexpected header
[1018/031947.250:ERROR:crash_report_database_win.cc(457)] unexpected header
[1018/033447.256:ERROR:crash_report_database_win.cc(457)] unexpected header
[1018/034947.269:ERROR:crash_report_database_win.cc(457)] unexpected header
[1018/040447.269:ERROR:crash_report_database_win.cc(457)] unexpected header
[1018/041947.281:ERROR:crash_report_database_win.cc(457)] unexpected header
[1018/043447.293:ERROR:crash_report_database_win.cc(457)] unexpected header
[1018/044947.300:ERROR:crash_report_database_win.cc(457)] unexpected header
[1018/050447.312:ERROR:crash_report_database_win.cc(457)] unexpected header
[1018/051947.319:ERROR:crash_report_database_win.cc(457)] unexpected header
[1018/053447.325:ERROR:crash_report_database_win.cc(457)] unexpected header
[1018/054947.337:ERROR:crash_report_database_win.cc(457)] unexpected header
[1018/060447.344:ERROR:crash_report_database_win.cc(457)] unexpected header
[1018/061947.357:ERROR:crash_report_database_win.cc(457)] unexpected header
[1018/063447.357:ERROR:crash_report_database_win.cc(457)] unexpected header
[1018/064947.357:ERROR:crash_report_database_win.cc(457)] unexpected header
[1018/070447.358:ERROR:crash_report_database_win.cc(457)] unexpected header
[1018/071947.358:ERROR:crash_report_database_win.cc(457)] unexpected header
[1018/073447.360:ERROR:crash_report_database_win.cc(457)] unexpected header
[1018/074947.362:ERROR:crash_report_database_win.cc(457)] unexpected header
[1018/080447.363:ERROR:crash_report_database_win.cc(457)] unexpected header
[1018/081947.364:ERROR:crash_report_database_win.cc(457)] unexpected header
[1018/083447.366:ERROR:crash_report_database_win.cc(457)] unexpected header
[1018/084947.366:ERROR:crash_report_database_win.cc(457)] unexpected header
[1018/090447.367:ERROR:crash_report_database_win.cc(457)] unexpected header
[1018/091947.368:ERROR:crash_report_database_win.cc(457)] unexpected header
[1018/093447.368:ERROR:crash_report_database_win.cc(457)] unexpected header
[1018/094947.369:ERROR:crash_report_database_win.cc(457)] unexpected header
[1018/100447.369:ERROR:crash_report_database_win.cc(457)] unexpected header
[1018/101947.370:ERROR:crash_report_database_win.cc(457)] unexpected header
[1018/103447.370:ERROR:crash_report_database_win.cc(457)] unexpected header
[1018/104947.371:ERROR:crash_report_database_win.cc(457)] unexpected header
[1018/110447.371:ERROR:crash_report_database_win.cc(457)] unexpected header
[1018/111947.371:ERROR:crash_report_database_win.cc(457)] unexpected header
[1018/113447.372:ERROR:crash_report_database_win.cc(457)] unexpected header
[1018/114947.375:ERROR:crash_report_database_win.cc(457)] unexpected header
[1018/120447.383:ERROR:crash_report_database_win.cc(457)] unexpected header
[1018/121947.384:ERROR:crash_report_database_win.cc(457)] unexpected header
[1018/123447.391:ERROR:crash_report_database_win.cc(457)] unexpected header
[1018/124947.391:ERROR:crash_report_database_win.cc(457)] unexpected header
[1018/130447.392:ERROR:crash_report_database_win.cc(457)] unexpected header
[1018/131947.393:ERROR:crash_report_database_win.cc(457)] unexpected header
[1018/133447.393:ERROR:crash_report_database_win.cc(457)] unexpected header
[1018/134947.394:ERROR:crash_report_database_win.cc(457)] unexpected header
[1018/140447.394:ERROR:crash_report_database_win.cc(457)] unexpected header
[1018/141947.395:ERROR:crash_report_database_win.cc(457)] unexpected header
[1018/143447.395:ERROR:crash_report_database_win.cc(457)] unexpected header
[1018/144947.395:ERROR:crash_report_database_win.cc(457)] unexpected header
[1018/150447.395:ERROR:crash_report_database_win.cc(457)] unexpected header
[1018/151947.396:ERROR:crash_report_database_win.cc(457)] unexpected header
[1018/153447.397:ERROR:crash_report_database_win.cc(457)] unexpected header
[1018/154947.397:ERROR:crash_report_database_win.cc(457)] unexpected header
[1018/160447.397:ERROR:crash_report_database_win.cc(457)] unexpected header
[1018/161947.397:ERROR:crash_report_database_win.cc(457)] unexpected header
[1018/163447.398:ERROR:crash_report_database_win.cc(457)] unexpected header
[1018/164947.398:ERROR:crash_report_database_win.cc(457)] unexpected header
[1018/170447.398:ERROR:crash_report_database_win.cc(457)] unexpected header
[1018/171447.060:ERROR:crash_report_database_win.cc(457)] unexpected header
[1018/171447.060:ERROR:directory_reader_win.cc(43)] FindFirstFile: The system cannot find the path specified. (0x3)
[1018/171447.061:ERROR:crash_report_database_win.cc(457)] unexpected header
[1018/171447.061:ERROR:crash_report_database_win.cc(457)] unexpected header
[1018/171947.399:ERROR:crash_report_database_win.cc(457)] unexpected header
[1018/173447.399:ERROR:crash_report_database_win.cc(457)] unexpected header
[1018/174947.399:ERROR:crash_report_database_win.cc(457)] unexpected header
[1018/180447.400:ERROR:crash_report_database_win.cc(457)] unexpected header
[1018/181947.400:ERROR:crash_report_database_win.cc(457)] unexpected header
[1018/183447.400:ERROR:crash_report_database_win.cc(457)] unexpected header
[1018/184947.401:ERROR:crash_report_database_win.cc(457)] unexpected header
[1018/190447.401:ERROR:crash_report_database_win.cc(457)] unexpected header
[1018/191947.401:ERROR:crash_report_database_win.cc(457)] unexpected header
[1018/193447.402:ERROR:crash_report_database_win.cc(457)] unexpected header
[1018/194947.402:ERROR:crash_report_database_win.cc(457)] unexpected header
[1018/230243.449:ERROR:crash_report_database_win.cc(457)] unexpected header
[1018/231746.688:ERROR:crash_report_database_win.cc(457)] unexpected header
[1018/233246.689:ERROR:crash_report_database_win.cc(457)] unexpected header
[1018/234746.690:ERROR:crash_report_database_win.cc(457)] unexpected header
[1019/000246.690:ERROR:crash_report_database_win.cc(457)] unexpected header
[1019/001746.692:ERROR:crash_report_database_win.cc(457)] unexpected header
[1026/113254.524:ERROR:crash_report_database_win.cc(457)] unexpected header
[1026/115840.348:ERROR:crash_report_database_win.cc(457)] unexpected header
[1027/131625.077:ERROR:crash_report_database_win.cc(457)] unexpected header
[1029/052812.850:ERROR:crash_report_database_win.cc(457)] unexpected header
[1030/113552.618:ERROR:crash_report_database_win.cc(457)] unexpected header
[1030/122242.966:ERROR:crash_report_database_win.cc(457)] unexpected header
[1030/122515.708:ERROR:crash_report_database_win.cc(457)] unexpected header
[1030/122911.015:ERROR:crash_report_database_win.cc(457)] unexpected header
[1101/085151.060:ERROR:crash_report_database_win.cc(457)] unexpected header
[1101/091809.377:ERROR:crash_report_database_win.cc(457)] unexpected header
